
Log for 'C:\Users\shallu\AppData\Local\Temp\ff39b7b392f74506adb35e9b7ff7664c-pulp.lp' Clone_3 (V22.1.1.0) Thu Jan  4 15:04:44 2024

Tried aggregator 1 time.
No LP presolve or aggregator reductions.
Presolve time = 5.64 sec. (2176.15 ticks)

Iteration log . . .
Sifting iteration    1 [10000]:   Scaled infeas =        322970.863554
Sifting iteration    2 [20000]:   Scaled infeas =             0.000000

Sifting solved model.


Log for 'C:\Users\shallu\AppData\Local\Temp\559a3e6f5f2b4ecb9c8727c04bf92d61-pulp.lp' Clone_3 (V22.1.1.0) Thu Jan  4 15:32:06 2024

Tried aggregator 1 time.
No LP presolve or aggregator reductions.
Presolve time = 5.97 sec. (2176.15 ticks)

Iteration log . . .
Sifting iteration    1 [10000]:   Scaled infeas =        322970.863554
Sifting iteration    2 [20000]:   Scaled infeas =             0.000000

Sifting solved model.


Log for 'C:\Users\shallu\AppData\Local\Temp\8336d35e8b7f427ba67aaa25279e06b5-pulp.lp' Clone_3 (V22.1.1.0) Thu Jan  4 16:03:17 2024

Tried aggregator 1 time.
No LP presolve or aggregator reductions.
Presolve time = 6.50 sec. (2176.15 ticks)

Iteration log . . .
Sifting iteration    1 [10000]:   Scaled infeas =        322970.863554
Sifting iteration    2 [20000]:   Scaled infeas =             0.000000

Sifting solved model.

